<?xml version="1.0" encoding="UTF-8"?>
<!-- Generated by org.testng.reporters.JUnitReportReporter -->
<testsuite hostname="DESKTOP-7BIQ3MP" failures="0" tests="2" name="cucumberOptions.TestRuner" time="0.105" errors="0" timestamp="12 Mar 2021 12:23:19 GMT">
  <testcase classname="cucumberOptions.TestRuner" name="feature" time="0.035"/>
  <testcase classname="cucumberOptions.TestRuner" name="feature" time="0.070"/>
</testsuite> <!-- cucumberOptions.TestRuner -->
